{"numTotalTestSuites":26,"numPassedTestSuites":26,"numFailedTestSuites":0,"numPendingTestSuites":0,"numTotalTests":94,"numPassedTests":94,"numFailedTests":0,"numPendingTests":0,"numTodoTests":0,"snapshot":{"added":0,"failure":false,"filesAdded":0,"filesRemoved":0,"filesRemovedList":[],"filesUnmatched":0,"filesUpdated":0,"matched":0,"total":0,"unchecked":0,"uncheckedKeysByFile":[],"unmatched":0,"updated":0,"didUpdate":false},"startTime":1781689752647,"success":true,"testResults":[{"assertionResults":[{"ancestorTitles":["auth-guard: decideAuthGuard"],"fullName":"auth-guard: decideAuthGuard redirects when session is null","status":"passed","title":"redirects when session is null","duration":1.9178570000003674,"failureMessages":[],"meta":{},"tags":[]},{"ancestorTitles":["auth-guard: decideAuthGuard"],"fullName":"auth-guard: decideAuthGuard redirects when supabase returned an auth error","status":"passed","title":"redirects when supabase returned an auth error","duration":0.42723600000044826,"failureMessages":[],"meta":{},"tags":[]},{"ancestorTitles":["auth-guard: decideAuthGuard"],"fullName":"auth-guard: decideAuthGuard redirects when there's no user object","status":"passed","title":"redirects when there's no user object","duration":0.39564400000017486,"failureMessages":[],"meta":{},"tags":[]},{"ancestorTitles":["auth-guard: decideAuthGuard"],"fullName":"auth-guard: decideAuthGuard allows when user is present and no error","status":"passed","title":"allows when user is present and no error","duration":0.4731160000001182,"failureMessages":[],"meta":{},"tags":[]},{"ancestorTitles":["auth-guard: decideAuthGuard"],"fullName":"auth-guard: decideAuthGuard treats empty user id as unauthenticated","status":"passed","title":"treats empty user id as unauthenticated","duration":0.2744880000000194,"failureMessages":[],"meta":{},"tags":[]},{"ancestorTitles":["auth-guard: postAuthRedirect"],"fullName":"auth-guard: postAuthRedirect sends finished users to dashboard","status":"passed","title":"sends finished users to dashboard","duration":0.16342600000007224,"failureMessages":[],"meta":{},"tags":[]},{"ancestorTitles":["auth-guard: postAuthRedirect"],"fullName":"auth-guard: postAuthRedirect sends new/incomplete users to onboarding","status":"passed","title":"sends new/incomplete users to onboarding","duration":0.3655479999997624,"failureMessages":[],"meta":{},"tags":[]}],"startTime":1781689757744,"endTime":1781689757748.3655,"status":"passed","message":"","name":"/dev-server/src/lib/auth-guard.test.ts"},{"assertionResults":[{"ancestorTitles":["carbon: lookup tables"],"fullName":"carbon: lookup tables orders transport by impact (walk < transit < car < long_drive < flight)","status":"passed","title":"orders transport by impact (walk < transit < car < long_drive < flight)","duration":2.363632999999936,"failureMessages":[],"meta":{},"tags":[]},{"ancestorTitles":["carbon: lookup tables"],"fullName":"carbon: lookup tables orders meals by impact (plant < mixed < meat)","status":"passed","title":"orders meals by impact (plant < mixed < meat)","duration":0.39220300000033603,"failureMessages":[],"meta":{},"tags":[]},{"ancestorTitles":["carbon: dailyEmissionsKg"],"fullName":"carbon: dailyEmissionsKg computes a low-impact day correctly","status":"passed","title":"computes a low-impact day correctly","duration":0.4857510000001639,"failureMessages":[],"meta":{},"tags":[]},{"ancestorTitles":["carbon: dailyEmissionsKg"],"fullName":"carbon: dailyEmissionsKg computes a high-impact day correctly","status":"passed","title":"computes a high-impact day correctly","duration":0.1970919999994294,"failureMessages":[],"meta":{},"tags":[]},{"ancestorTitles":["carbon: dailyEmissionsKg"],"fullName":"carbon: dailyEmissionsKg never returns a negative footprint (mindful flags can't push below 0)","status":"passed","title":"never returns a negative footprint (mindful flags can't push below 0)","duration":0.31523699999979726,"failureMessages":[],"meta":{},"tags":[]},{"ancestorTitles":["carbon: dailyEmissionsKg"],"fullName":"carbon: dailyEmissionsKg mindful flags strictly reduce footprint vs the same choices without them","status":"passed","title":"mindful flags strictly reduce footprint vs the same choices without them","duration":0.2164859999993496,"failureMessages":[],"meta":{},"tags":[]},{"ancestorTitles":["carbon: dailyEmissionsKg"],"fullName":"carbon: dailyEmissionsKg rounds to two decimals","status":"passed","title":"rounds to two decimals","duration":0.8265480000000025,"failureMessages":[],"meta":{},"tags":[]},{"ancestorTitles":["carbon: monthlyToDaily"],"fullName":"carbon: monthlyToDaily divides by 30","status":"passed","title":"divides by 30","duration":0.41083100000014383,"failureMessages":[],"meta":{},"tags":[]},{"ancestorTitles":["carbon: monthlyToDaily"],"fullName":"carbon: monthlyToDaily falls back to 15 for invalid null","status":"passed","title":"falls back to 15 for invalid null","duration":0.3063959999999497,"failureMessages":[],"meta":{},"tags":[]},{"ancestorTitles":["carbon: monthlyToDaily"],"fullName":"carbon: monthlyToDaily falls back to 15 for invalid undefined","status":"passed","title":"falls back to 15 for invalid undefined","duration":0.09872099999938655,"failureMessages":[],"meta":{},"tags":[]},{"ancestorTitles":["carbon: monthlyToDaily"],"fullName":"carbon: monthlyToDaily falls back to 15 for invalid 0","status":"passed","title":"falls back to 15 for invalid 0","duration":0.10657400000036432,"failureMessages":[],"meta":{},"tags":[]},{"ancestorTitles":["carbon: monthlyToDaily"],"fullName":"carbon: monthlyToDaily falls back to 15 for invalid -5","status":"passed","title":"falls back to 15 for invalid -5","duration":0.1384410000000571,"failureMessages":[],"meta":{},"tags":[]},{"ancestorTitles":["carbon: monthlyToDaily"],"fullName":"carbon: monthlyToDaily falls back to 15 for invalid NaN","status":"passed","title":"falls back to 15 for invalid NaN","duration":0.1886080000003858,"failureMessages":[],"meta":{},"tags":[]},{"ancestorTitles":["carbon: monthlyToDaily"],"fullName":"carbon: monthlyToDaily falls back to 15 for invalid Infinity","status":"passed","title":"falls back to 15 for invalid Infinity","duration":0.08311400000002322,"failureMessages":[],"meta":{},"tags":[]},{"ancestorTitles":["carbon: ecosystemDelta"],"fullName":"carbon: ecosystemDelta is positive when today beats baseline","status":"passed","title":"is positive when today beats baseline","duration":0.16547699999955512,"failureMessages":[],"meta":{},"tags":[]},{"ancestorTitles":["carbon: ecosystemDelta"],"fullName":"carbon: ecosystemDelta is negative when today exceeds baseline","status":"passed","title":"is negative when today exceeds baseline","duration":0.10847499999999854,"failureMessages":[],"meta":{},"tags":[]},{"ancestorTitles":["carbon: ecosystemDelta"],"fullName":"carbon: ecosystemDelta uses 15 kg/day fallback when baseline is missing","status":"passed","title":"uses 15 kg/day fallback when baseline is missing","duration":0.09619500000007974,"failureMessages":[],"meta":{},"tags":[]},{"ancestorTitles":["carbon: baselineHealth"],"fullName":"carbon: baselineHealth returns 1 for zero emissions","status":"passed","title":"returns 1 for zero emissions","duration":0.18669200000022101,"failureMessages":[],"meta":{},"tags":[]},{"ancestorTitles":["carbon: baselineHealth"],"fullName":"carbon: baselineHealth returns ~0 for extreme footprints (clamped at ratio 2)","status":"passed","title":"returns ~0 for extreme footprints (clamped at ratio 2)","duration":0.20657899999969231,"failureMessages":[],"meta":{},"tags":[]},{"ancestorTitles":["carbon: baselineHealth"],"fullName":"carbon: baselineHealth returns 0.6 fallback when null","status":"passed","title":"returns 0.6 fallback when null","duration":0.19101100000079896,"failureMessages":[],"meta":{},"tags":[]},{"ancestorTitles":["carbon: baselineHealth"],"fullName":"carbon: baselineHealth hits 0.5 at the per-capita 5t/yr target (~417 kg/mo)","status":"passed","title":"hits 0.5 at the per-capita 5t/yr target (~417 kg/mo)","duration":0.10326499999973748,"failureMessages":[],"meta":{},"tags":[]},{"ancestorTitles":["carbon: baselineHealth"],"fullName":"carbon: baselineHealth is monotonically decreasing as emissions grow","status":"passed","title":"is monotonically decreasing as emissions grow","duration":0.37122200000067096,"failureMessages":[],"meta":{},"tags":[]},{"ancestorTitles":["carbon: nudgeHealth"],"fullName":"carbon: nudgeHealth returns baseline unchanged when delta is null","status":"passed","title":"returns baseline unchanged when delta is null","duration":0.2910549999996874,"failureMessages":[],"meta":{},"tags":[]},{"ancestorTitles":["carbon: nudgeHealth"],"fullName":"carbon: nudgeHealth caps the nudge at +0.18","status":"passed","title":"caps the nudge at +0.18","duration":0.19847000000027037,"failureMessages":[],"meta":{},"tags":[]},{"ancestorTitles":["carbon: nudgeHealth"],"fullName":"carbon: nudgeHealth caps the nudge at -0.18","status":"passed","title":"caps the nudge at -0.18","duration":0.15594299999975192,"failureMessages":[],"meta":{},"tags":[]},{"ancestorTitles":["carbon: nudgeHealth"],"fullName":"carbon: nudgeHealth never goes below 0 or above 1","status":"passed","title":"never goes below 0 or above 1","duration":0.1818359999997483,"failureMessages":[],"meta":{},"tags":[]},{"ancestorTitles":["carbon: orbState transitions"],"fullName":"carbon: orbState transitions monthly 100 kg → thriving","status":"passed","title":"monthly 100 kg → thriving","duration":0.2270570000000589,"failureMessages":[],"meta":{},"tags":[]},{"ancestorTitles":["carbon: orbState transitions"],"fullName":"carbon: orbState transitions monthly 250 kg → thriving","status":"passed","title":"monthly 250 kg → thriving","duration":0.16905599999972765,"failureMessages":[],"meta":{},"tags":[]},{"ancestorTitles":["carbon: orbState transitions"],"fullName":"carbon: orbState transitions monthly 251 kg → balanced","status":"passed","title":"monthly 251 kg → balanced","duration":0.11722399999962363,"failureMessages":[],"meta":{},"tags":[]},{"ancestorTitles":["carbon: orbState transitions"],"fullName":"carbon: orbState transitions monthly 500 kg → balanced","status":"passed","title":"monthly 500 kg → balanced","duration":0.1168680000000677,"failureMessages":[],"meta":{},"tags":[]},{"ancestorTitles":["carbon: orbState transitions"],"fullName":"carbon: orbState transitions monthly 501 kg → strained","status":"passed","title":"monthly 501 kg → strained","duration":0.11222799999995914,"failureMessages":[],"meta":{},"tags":[]},{"ancestorTitles":["carbon: orbState transitions"],"fullName":"carbon: orbState transitions monthly 900 kg → strained","status":"passed","title":"monthly 900 kg → strained","duration":0.10843100000056438,"failureMessages":[],"meta":{},"tags":[]},{"ancestorTitles":["carbon: orbState transitions"],"fullName":"carbon: orbState transitions monthly 901 kg → critical","status":"passed","title":"monthly 901 kg → critical","duration":0.10321099999964645,"failureMessages":[],"meta":{},"tags":[]},{"ancestorTitles":["carbon: orbState transitions"],"fullName":"carbon: orbState transitions monthly 5000 kg → critical","status":"passed","title":"monthly 5000 kg → critical","duration":0.10469199999988632,"failureMessages":[],"meta":{},"tags":[]},{"ancestorTitles":["carbon: orbState transitions"],"fullName":"carbon: orbState transitions defaults to balanced when unknown","status":"passed","title":"defaults to balanced when unknown","duration":0.2646020000001954,"failureMessages":[],"meta":{},"tags":[]},{"ancestorTitles":["carbon: ecosystemStage"],"fullName":"carbon: ecosystemStage health 0 → barren","status":"passed","title":"health 0 → barren","duration":0.3042279999999664,"failureMessages":[],"meta":{},"tags":[]},{"ancestorTitles":["carbon: ecosystemStage"],"fullName":"carbon: ecosystemStage health 0.1 → barren","status":"passed","title":"health 0.1 → barren","duration":0.14084200000070268,"failureMessages":[],"meta":{},"tags":[]},{"ancestorTitles":["carbon: ecosystemStage"],"fullName":"carbon: ecosystemStage health 0.25 → recovering","status":"passed","title":"health 0.25 → recovering","duration":0.12135800000032759,"failureMessages":[],"meta":{},"tags":[]},{"ancestorTitles":["carbon: ecosystemStage"],"fullName":"carbon: ecosystemStage health 0.49 → recovering","status":"passed","title":"health 0.49 → recovering","duration":0.12222699999983888,"failureMessages":[],"meta":{},"tags":[]},{"ancestorTitles":["carbon: ecosystemStage"],"fullName":"carbon: ecosystemStage health 0.5 → lush","status":"passed","title":"health 0.5 → lush","duration":0.2040450000004057,"failureMessages":[],"meta":{},"tags":[]},{"ancestorTitles":["carbon: ecosystemStage"],"fullName":"carbon: ecosystemStage health 0.79 → lush","status":"passed","title":"health 0.79 → lush","duration":0.13670400000046357,"failureMessages":[],"meta":{},"tags":[]},{"ancestorTitles":["carbon: ecosystemStage"],"fullName":"carbon: ecosystemStage health 0.8 → flourishing","status":"passed","title":"health 0.8 → flourishing","duration":0.10170500000003813,"failureMessages":[],"meta":{},"tags":[]},{"ancestorTitles":["carbon: ecosystemStage"],"fullName":"carbon: ecosystemStage health 1 → flourishing","status":"passed","title":"health 1 → flourishing","duration":0.09320999999999913,"failureMessages":[],"meta":{},"tags":[]},{"ancestorTitles":["carbon: ecosystemStage"],"fullName":"carbon: ecosystemStage clamps out-of-range health values","status":"passed","title":"clamps out-of-range health values","duration":0.17628599999989092,"failureMessages":[],"meta":{},"tags":[]},{"ancestorTitles":["carbon: clamp01"],"fullName":"carbon: clamp01 clamps to [0,1]","status":"passed","title":"clamps to [0,1]","duration":0.3341070000005857,"failureMessages":[],"meta":{},"tags":[]},{"ancestorTitles":["carbon: clamp01"],"fullName":"carbon: clamp01 handles NaN","status":"passed","title":"handles NaN","duration":0.17013800000040646,"failureMessages":[],"meta":{},"tags":[]}],"startTime":1781689757600,"endTime":1781689757612.3342,"status":"passed","message":"","name":"/dev-server/src/lib/carbon.test.ts"},{"assertionResults":[{"ancestorTitles":["dashboard-state: buildDashboardState"],"fullName":"dashboard-state: buildDashboardState returns sensible defaults for an empty backend","status":"passed","title":"returns sensible defaults for an empty backend","duration":3.4588770000000295,"failureMessages":[],"meta":{},"tags":[]},{"ancestorTitles":["dashboard-state: buildDashboardState"],"fullName":"dashboard-state: buildDashboardState flags needsOnboarding when profile is incomplete","status":"passed","title":"flags needsOnboarding when profile is incomplete","duration":0.5328629999994519,"failureMessages":[],"meta":{},"tags":[]},{"ancestorTitles":["dashboard-state: buildDashboardState"],"fullName":"dashboard-state: buildDashboardState derives health from monthly baseline","status":"passed","title":"derives health from monthly baseline","duration":0.33995599999980186,"failureMessages":[],"meta":{},"tags":[]},{"ancestorTitles":["dashboard-state: buildDashboardState"],"fullName":"dashboard-state: buildDashboardState applies today's positive delta as a health nudge","status":"passed","title":"applies today's positive delta as a health nudge","duration":0.22583599999961734,"failureMessages":[],"meta":{},"tags":[]},{"ancestorTitles":["dashboard-state: buildDashboardState"],"fullName":"dashboard-state: buildDashboardState computes delta from today's kg when ecosystem_delta is missing","status":"passed","title":"computes delta from today's kg when ecosystem_delta is missing","duration":0.39263299999947776,"failureMessages":[],"meta":{},"tags":[]},{"ancestorTitles":["dashboard-state: buildDashboardState"],"fullName":"dashboard-state: buildDashboardState propagates streak counts","status":"passed","title":"propagates streak counts","duration":0.24847700000009354,"failureMessages":[],"meta":{},"tags":[]}],"startTime":1781689757734,"endTime":1781689757739.3926,"status":"passed","message":"","name":"/dev-server/src/lib/dashboard-state.test.ts"},{"assertionResults":[{"ancestorTitles":["profile: computeInitials"],"fullName":"profile: computeInitials returns ? for empty input","status":"passed","title":"returns ? for empty input","duration":2.1069399999996676,"failureMessages":[],"meta":{},"tags":[]},{"ancestorTitles":["profile: computeInitials"],"fullName":"profile: computeInitials returns first two letters for single-word names","status":"passed","title":"returns first two letters for single-word names","duration":0.3143659999996089,"failureMessages":[],"meta":{},"tags":[]},{"ancestorTitles":["profile: computeInitials"],"fullName":"profile: computeInitials returns first + last initials for multi-word names","status":"passed","title":"returns first + last initials for multi-word names","duration":0.2359759999999369,"failureMessages":[],"meta":{},"tags":[]},{"ancestorTitles":["profile: computeInitials"],"fullName":"profile: computeInitials uppercases","status":"passed","title":"uppercases","duration":0.11804699999993318,"failureMessages":[],"meta":{},"tags":[]},{"ancestorTitles":["profile: toDisplayProfile"],"fullName":"profile: toDisplayProfile returns null for null/missing id","status":"passed","title":"returns null for null/missing id","duration":0.24082600000019738,"failureMessages":[],"meta":{},"tags":[]},{"ancestorTitles":["profile: toDisplayProfile"],"fullName":"profile: toDisplayProfile defaults to 'Friend' when display_name is missing or blank","status":"passed","title":"defaults to 'Friend' when display_name is missing or blank","duration":0.3712970000005953,"failureMessages":[],"meta":{},"tags":[]},{"ancestorTitles":["profile: toDisplayProfile"],"fullName":"profile: toDisplayProfile extracts first name and initials","status":"passed","title":"extracts first name and initials","duration":0.19745499999953608,"failureMessages":[],"meta":{},"tags":[]},{"ancestorTitles":["profile: toDisplayProfile"],"fullName":"profile: toDisplayProfile normalizes blank avatar URLs to null","status":"passed","title":"normalizes blank avatar URLs to null","duration":0.1512909999992189,"failureMessages":[],"meta":{},"tags":[]},{"ancestorTitles":["profile: toDisplayProfile"],"fullName":"profile: toDisplayProfile defaults locale to en","status":"passed","title":"defaults locale to en","duration":0.1376909999999043,"failureMessages":[],"meta":{},"tags":[]},{"ancestorTitles":["profile: toDisplayProfile"],"fullName":"profile: toDisplayProfile coerces onboarding_completed to boolean","status":"passed","title":"coerces onboarding_completed to boolean","duration":0.1379289999995308,"failureMessages":[],"meta":{},"tags":[]},{"ancestorTitles":["profile: validateProfileUpdate"],"fullName":"profile: validateProfileUpdate accepts a sensible patch","status":"passed","title":"accepts a sensible patch","duration":0.36792999999943277,"failureMessages":[],"meta":{},"tags":[]},{"ancestorTitles":["profile: validateProfileUpdate"],"fullName":"profile: validateProfileUpdate rejects empty display_name","status":"passed","title":"rejects empty display_name","duration":0.19389099999989412,"failureMessages":[],"meta":{},"tags":[]},{"ancestorTitles":["profile: validateProfileUpdate"],"fullName":"profile: validateProfileUpdate rejects oversized display_name","status":"passed","title":"rejects oversized display_name","duration":0.12545899999986432,"failureMessages":[],"meta":{},"tags":[]},{"ancestorTitles":["profile: validateProfileUpdate"],"fullName":"profile: validateProfileUpdate trims display_name on accept","status":"passed","title":"trims display_name on accept","duration":0.13646299999982148,"failureMessages":[],"meta":{},"tags":[]},{"ancestorTitles":["profile: validateProfileUpdate"],"fullName":"profile: validateProfileUpdate rejects non-http(s) avatar URLs","status":"passed","title":"rejects non-http(s) avatar URLs","duration":0.3444710000003397,"failureMessages":[],"meta":{},"tags":[]},{"ancestorTitles":["profile: validateProfileUpdate"],"fullName":"profile: validateProfileUpdate accepts http(s) avatar URLs","status":"passed","title":"accepts http(s) avatar URLs","duration":0.2577839999994467,"failureMessages":[],"meta":{},"tags":[]},{"ancestorTitles":["profile: validateProfileUpdate"],"fullName":"profile: validateProfileUpdate rejects malformed locales","status":"passed","title":"rejects malformed locales","duration":0.3022159999991345,"failureMessages":[],"meta":{},"tags":[]}],"startTime":1781689757698,"endTime":1781689757704.3022,"status":"passed","message":"","name":"/dev-server/src/lib/profile.test.ts"},{"assertionResults":[{"ancestorTitles":["recommendations: recommendForContext"],"fullName":"recommendations: recommendForContext always returns at least one recommendation","status":"passed","title":"always returns at least one recommendation","duration":2.5344270000005054,"failureMessages":[],"meta":{},"tags":[]},{"ancestorTitles":["recommendations: recommendForContext"],"fullName":"recommendations: recommendForContext includes a transport recommendation for car users","status":"passed","title":"includes a transport recommendation for car users","duration":0.7564300000003641,"failureMessages":[],"meta":{},"tags":[]},{"ancestorTitles":["recommendations: recommendForContext"],"fullName":"recommendations: recommendForContext flags flights as the highest-impact lever","status":"passed","title":"flags flights as the highest-impact lever","duration":0.27278800000021874,"failureMessages":[],"meta":{},"tags":[]},{"ancestorTitles":["recommendations: recommendForContext"],"fullName":"recommendations: recommendForContext suggests plant-forward days for meat-heavy diets","status":"passed","title":"suggests plant-forward days for meat-heavy diets","duration":0.14174499999990076,"failureMessages":[],"meta":{},"tags":[]},{"ancestorTitles":["recommendations: recommendForContext"],"fullName":"recommendations: recommendForContext suggests halving red meat for mixed diets (different rec)","status":"passed","title":"suggests halving red meat for mixed diets (different rec)","duration":0.3036629999996876,"failureMessages":[],"meta":{},"tags":[]},{"ancestorTitles":["recommendations: recommendForContext"],"fullName":"recommendations: recommendForContext recognizes fossil/grid energy sources via regex","status":"passed","title":"recognizes fossil/grid energy sources via regex","duration":0.49313900000015565,"failureMessages":[],"meta":{},"tags":[]},{"ancestorTitles":["recommendations: recommendForContext"],"fullName":"recommendations: recommendForContext orders by impact descending in normal mode","status":"passed","title":"orders by impact descending in normal mode","duration":0.2442190000001574,"failureMessages":[],"meta":{},"tags":[]},{"ancestorTitles":["recommendations: recommendForContext"],"fullName":"recommendations: recommendForContext prioritizes transport when monthly footprint exceeds 800 kg","status":"passed","title":"prioritizes transport when monthly footprint exceeds 800 kg","duration":0.11746800000037183,"failureMessages":[],"meta":{},"tags":[]},{"ancestorTitles":["recommendations: recommendForContext"],"fullName":"recommendations: recommendForContext includes the daily habit fallback even with empty context","status":"passed","title":"includes the daily habit fallback even with empty context","duration":0.24439100000017788,"failureMessages":[],"meta":{},"tags":[]},{"ancestorTitles":["recommendations: recommendForContext"],"fullName":"recommendations: recommendForContext is deterministic for identical input","status":"passed","title":"is deterministic for identical input","duration":0.9692039999999906,"failureMessages":[],"meta":{},"tags":[]},{"ancestorTitles":["recommendations: projectMealsMonthly"],"fullName":"recommendations: projectMealsMonthly scales with diet intensity","status":"passed","title":"scales with diet intensity","duration":0.32128499999998894,"failureMessages":[],"meta":{},"tags":[]}],"startTime":1781689757692,"endTime":1781689757699.3213,"status":"passed","message":"","name":"/dev-server/src/lib/recommendations.test.ts"},{"assertionResults":[{"ancestorTitles":["utils: cn"],"fullName":"utils: cn joins class names","status":"passed","title":"joins class names","duration":9.810631999999714,"failureMessages":[],"meta":{},"tags":[]},{"ancestorTitles":["utils: cn"],"fullName":"utils: cn skips falsy values","status":"passed","title":"skips falsy values","duration":0.40929700000015146,"failureMessages":[],"meta":{},"tags":[]},{"ancestorTitles":["utils: cn"],"fullName":"utils: cn merges conflicting tailwind classes (last wins)","status":"passed","title":"merges conflicting tailwind classes (last wins)","duration":0.8032989999992424,"failureMessages":[],"meta":{},"tags":[]},{"ancestorTitles":["utils: cn"],"fullName":"utils: cn handles arrays and objects via clsx","status":"passed","title":"handles arrays and objects via clsx","duration":0.24003300000003946,"failureMessages":[],"meta":{},"tags":[]}],"startTime":1781689757610,"endTime":1781689757621.24,"status":"passed","message":"","name":"/dev-server/src/lib/utils.test.ts"},{"assertionResults":[{"ancestorTitles":["StreakBadge"],"fullName":"StreakBadge renders the current streak value","status":"passed","title":"renders the current streak value","duration":53.40220499999941,"failureMessages":[],"meta":{},"tags":[]},{"ancestorTitles":["StreakBadge"],"fullName":"StreakBadge uses singular 'day' for streak of 1","status":"passed","title":"uses singular 'day' for streak of 1","duration":4.797617999999602,"failureMessages":[],"meta":{},"tags":[]},{"ancestorTitles":["StreakBadge"],"fullName":"StreakBadge uses plural 'days' for streaks other than 1","status":"passed","title":"uses plural 'days' for streaks other than 1","duration":4.302304999999251,"failureMessages":[],"meta":{},"tags":[]}],"startTime":1781689757625,"endTime":1781689757687.3022,"status":"passed","message":"","name":"/dev-server/src/components/dashboard/StreakBadge.test.tsx"}],"coverageMap":{"/dev-server/src/lib/profile.ts":{"path":"/dev-server/src/lib/profile.ts","statementMap":{"0":{"start":{"line":28,"column":2},"end":{"line":28,"column":null}},"1":{"start":{"line":28,"column":23},"end":{"line":28,"column":null}},"2":{"start":{"line":29,"column":8},"end":{"line":29,"column":null}},"3":{"start":{"line":30,"column":20},"end":{"line":30,"column":null}},"4":{"start":{"line":31,"column":2},"end":{"line":39,"column":null}},"5":{"start":{"line":43,"column":16},"end":{"line":43,"column":null}},"6":{"start":{"line":44,"column":2},"end":{"line":44,"column":null}},"7":{"start":{"line":44,"column":26},"end":{"line":44,"column":null}},"8":{"start":{"line":45,"column":2},"end":{"line":45,"column":null}},"9":{"start":{"line":45,"column":26},"end":{"line":45,"column":null}},"10":{"start":{"line":46,"column":2},"end":{"line":46,"column":null}},"11":{"start":{"line":53,"column":2},"end":{"line":58,"column":null}},"12":{"start":{"line":54,"column":10},"end":{"line":54,"column":null}},"13":{"start":{"line":55,"column":4},"end":{"line":55,"column":null}},"14":{"start":{"line":55,"column":24},"end":{"line":55,"column":null}},"15":{"start":{"line":56,"column":4},"end":{"line":56,"column":null}},"16":{"start":{"line":56,"column":23},"end":{"line":56,"column":null}},"17":{"start":{"line":57,"column":4},"end":{"line":57,"column":null}},"18":{"start":{"line":59,"column":2},"end":{"line":68,"column":null}},"19":{"start":{"line":60,"column":4},"end":{"line":67,"column":null}},"20":{"start":{"line":61,"column":18},"end":{"line":61,"column":null}},"21":{"start":{"line":62,"column":6},"end":{"line":64,"column":null}},"22":{"start":{"line":63,"column":8},"end":{"line":63,"column":null}},"23":{"start":{"line":66,"column":6},"end":{"line":66,"column":null}},"24":{"start":{"line":69,"column":2},"end":{"line":71,"column":null}},"25":{"start":{"line":70,"column":4},"end":{"line":70,"column":null}},"26":{"start":{"line":72,"column":2},"end":{"line":72,"column":null}}},"fnMap":{"0":{"name":"toDisplayProfile","decl":{"start":{"line":27,"column":16},"end":{"line":27,"column":33}},"loc":{"start":{"line":27,"column":92},"end":{"line":40,"column":null}},"line":27},"1":{"name":"computeInitials","decl":{"start":{"line":42,"column":16},"end":{"line":42,"column":32}},"loc":{"start":{"line":42,"column":54},"end":{"line":47,"column":null}},"line":42},"2":{"name":"validateProfileUpdate","decl":{"start":{"line":50,"column":16},"end":{"line":50,"column":null}},"loc":{"start":{"line":52,"column":68},"end":{"line":73,"column":null}},"line":52}},"branchMap":{"0":{"loc":{"start":{"line":28,"column":2},"end":{"line":28,"column":null}},"type":"if","locations":[{"start":{"line":28,"column":2},"end":{"line":28,"column":null}},{"start":{},"end":{}}],"line":28},"1":{"loc":{"start":{"line":28,"column":6},"end":{"line":28,"column":23}},"type":"binary-expr","locations":[{"start":{"line":28,"column":6},"end":{"line":28,"column":14}},{"start":{"line":28,"column":14},"end":{"line":28,"column":23}}],"line":28},"2":{"loc":{"start":{"line":29,"column":8},"end":{"line":29,"column":null}},"type":"binary-expr","locations":[{"start":{"line":29,"column":8},"end":{"line":29,"column":63}},{"start":{"line":29,"column":63},"end":{"line":29,"column":null}}],"line":29},"3":{"loc":{"start":{"line":29,"column":23},"end":{"line":29,"column":53}},"type":"binary-expr","locations":[{"start":{"line":29,"column":23},"end":{"line":29,"column":43}},{"start":{"line":29,"column":43},"end":{"line":29,"column":53}}],"line":29},"4":{"loc":{"start":{"line":36,"column":15},"end":{"line":36,"column":null}},"type":"cond-expr","locations":[{"start":{"line":36,"column":40},"end":{"line":36,"column":57}},{"start":{"line":36,"column":57},"end":{"line":36,"column":null}}],"line":36},"5":{"loc":{"start":{"line":37,"column":12},"end":{"line":37,"column":null}},"type":"binary-expr","locations":[{"start":{"line":37,"column":12},"end":{"line":37,"column":26}},{"start":{"line":37,"column":26},"end":{"line":37,"column":null}}],"line":37},"6":{"loc":{"start":{"line":44,"column":2},"end":{"line":44,"column":null}},"type":"if","locations":[{"start":{"line":44,"column":2},"end":{"line":44,"column":null}},{"start":{},"end":{}}],"line":44},"7":{"loc":{"start":{"line":45,"column":2},"end":{"line":45,"column":null}},"type":"if","locations":[{"start":{"line":45,"column":2},"end":{"line":45,"column":null}},{"start":{},"end":{}}],"line":45},"8":{"loc":{"start":{"line":53,"column":2},"end":{"line":58,"column":null}},"type":"if","locations":[{"start":{"line":53,"column":2},"end":{"line":58,"column":null}},{"start":{},"end":{}}],"line":53},"9":{"loc":{"start":{"line":54,"column":15},"end":{"line":54,"column":41}},"type":"binary-expr","locations":[{"start":{"line":54,"column":15},"end":{"line":54,"column":37}},{"start":{"line":54,"column":37},"end":{"line":54,"column":41}}],"line":54},"10":{"loc":{"start":{"line":55,"column":4},"end":{"line":55,"column":null}},"type":"if","locations":[{"start":{"line":55,"column":4},"end":{"line":55,"column":null}},{"start":{},"end":{}}],"line":55},"11":{"loc":{"start":{"line":56,"column":4},"end":{"line":56,"column":null}},"type":"if","locations":[{"start":{"line":56,"column":4},"end":{"line":56,"column":null}},{"start":{},"end":{}}],"line":56},"12":{"loc":{"start":{"line":59,"column":2},"end":{"line":68,"column":null}},"type":"if","locations":[{"start":{"line":59,"column":2},"end":{"line":68,"column":null}},{"start":{},"end":{}}],"line":59},"13":{"loc":{"start":{"line":59,"column":6},"end":{"line":59,"column":58}},"type":"binary-expr","locations":[{"start":{"line":59,"column":6},"end":{"line":59,"column":40}},{"start":{"line":59,"column":40},"end":{"line":59,"column":58}}],"line":59},"14":{"loc":{"start":{"line":62,"column":6},"end":{"line":64,"column":null}},"type":"if","locations":[{"start":{"line":62,"column":6},"end":{"line":64,"column":null}},{"start":{},"end":{}}],"line":62},"15":{"loc":{"start":{"line":69,"column":2},"end":{"line":71,"column":null}},"type":"if","locations":[{"start":{"line":69,"column":2},"end":{"line":71,"column":null}},{"start":{},"end":{}}],"line":69},"16":{"loc":{"start":{"line":69,"column":6},"end":{"line":69,"column":98}},"type":"binary-expr","locations":[{"start":{"line":69,"column":6},"end":{"line":69,"column":36}},{"start":{"line":69,"column":36},"end":{"line":69,"column":52}},{"start":{"line":69,"column":52},"end":{"line":69,"column":98}}],"line":69}},"s":{"0":17,"1":7,"2":10,"3":17,"4":17,"5":16,"6":16,"7":2,"8":14,"9":14,"10":4,"11":11,"12":4,"13":4,"14":1,"15":3,"16":3,"17":2,"18":9,"19":5,"20":5,"21":5,"22":2,"23":1,"24":6,"25":2,"26":4},"f":{"0":17,"1":16,"2":11},"b":{"0":[7,10],"1":[17,11],"2":[10,1],"3":[10,7],"4":[1,9],"5":[17,9],"6":[2,14],"7":[10,4],"8":[4,7],"9":[4,0],"10":[1,3],"11":[1,2],"12":[5,4],"13":[9,5],"14":[2,3],"15":[2,4],"16":[6,3,3]},"meta":{"lastBranch":17,"lastFunction":3,"lastStatement":27,"seen":{"f:27:16:27:33":0,"b:28:2:28:Infinity:undefined:undefined:undefined:undefined":0,"s:28:2:28:Infinity":0,"b:28:6:28:14:28:14:28:23":1,"s:28:23:28:Infinity":1,"s:29:8:29:Infinity":2,"b:29:8:29:63:29:63:29:Infinity":2,"b:29:23:29:43:29:43:29:53":3,"s:30:20:30:Infinity":3,"s:31:2:39:Infinity":4,"b:36:40:36:57:36:57:36:Infinity":4,"b:37:12:37:26:37:26:37:Infinity":5,"f:42:16:42:32":1,"s:43:16:43:Infinity":5,"b:44:2:44:Infinity:undefined:undefined:undefined:undefined":6,"s:44:2:44:Infinity":6,"s:44:26:44:Infinity":7,"b:45:2:45:Infinity:undefined:undefined:undefined:undefined":7,"s:45:2:45:Infinity":8,"s:45:26:45:Infinity":9,"s:46:2:46:Infinity":10,"f:50:16:50:Infinity":2,"b:53:2:58:Infinity:undefined:undefined:undefined:undefined":8,"s:53:2:58:Infinity":11,"s:54:10:54:Infinity":12,"b:54:15:54:37:54:37:54:41":9,"b:55:4:55:Infinity:undefined:undefined:undefined:undefined":10,"s:55:4:55:Infinity":13,"s:55:24:55:Infinity":14,"b:56:4:56:Infinity:undefined:undefined:undefined:undefined":11,"s:56:4:56:Infinity":15,"s:56:23:56:Infinity":16,"s:57:4:57:Infinity":17,"b:59:2:68:Infinity:undefined:undefined:undefined:undefined":12,"s:59:2:68:Infinity":18,"b:59:6:59:40:59:40:59:58":13,"s:60:4:67:Infinity":19,"s:61:18:61:Infinity":20,"b:62:6:64:Infinity:undefined:undefined:undefined:undefined":14,"s:62:6:64:Infinity":21,"s:63:8:63:Infinity":22,"s:66:6:66:Infinity":23,"b:69:2:71:Infinity:undefined:undefined:undefined:undefined":15,"s:69:2:71:Infinity":24,"b:69:6:69:36:69:36:69:52:69:52:69:98":16,"s:70:4:70:Infinity":25,"s:72:2:72:Infinity":26},"fnNames":{}}},"/dev-server/src/lib/auth-guard.ts":{"path":"/dev-server/src/lib/auth-guard.ts","statementMap":{"0":{"start":{"line":17,"column":2},"end":{"line":19,"column":null}},"1":{"start":{"line":18,"column":4},"end":{"line":18,"column":null}},"2":{"start":{"line":20,"column":2},"end":{"line":22,"column":null}},"3":{"start":{"line":21,"column":4},"end":{"line":21,"column":null}},"4":{"start":{"line":23,"column":2},"end":{"line":23,"column":null}},"5":{"start":{"line":28,"column":2},"end":{"line":28,"column":null}}},"fnMap":{"0":{"name":"decideAuthGuard","decl":{"start":{"line":16,"column":16},"end":{"line":16,"column":32}},"loc":{"start":{"line":16,"column":76},"end":{"line":24,"column":null}},"line":16},"1":{"name":"postAuthRedirect","decl":{"start":{"line":27,"column":16},"end":{"line":27,"column":33}},"loc":{"start":{"line":27,"column":90},"end":{"line":29,"column":null}},"line":27}},"branchMap":{"0":{"loc":{"start":{"line":17,"column":2},"end":{"line":19,"column":null}},"type":"if","locations":[{"start":{"line":17,"column":2},"end":{"line":19,"column":null}},{"start":{},"end":{}}],"line":17},"1":{"loc":{"start":{"line":17,"column":6},"end":{"line":17,"column":33}},"type":"binary-expr","locations":[{"start":{"line":17,"column":6},"end":{"line":17,"column":18}},{"start":{"line":17,"column":18},"end":{"line":17,"column":33}}],"line":17},"2":{"loc":{"start":{"line":20,"column":2},"end":{"line":22,"column":null}},"type":"if","locations":[{"start":{"line":20,"column":2},"end":{"line":22,"column":null}},{"start":{},"end":{}}],"line":20},"3":{"loc":{"start":{"line":20,"column":6},"end":{"line":20,"column":41}},"type":"binary-expr","locations":[{"start":{"line":20,"column":6},"end":{"line":20,"column":23}},{"start":{"line":20,"column":23},"end":{"line":20,"column":41}}],"line":20},"4":{"loc":{"start":{"line":28,"column":9},"end":{"line":28,"column":null}},"type":"cond-expr","locations":[{"start":{"line":28,"column":31},"end":{"line":28,"column":46}},{"start":{"line":28,"column":46},"end":{"line":28,"column":null}}],"line":28}},"s":{"0":5,"1":2,"2":3,"3":2,"4":1,"5":4},"f":{"0":5,"1":4},"b":{"0":[2,3],"1":[5,4],"2":[2,1],"3":[3,2],"4":[1,3]},"meta":{"lastBranch":5,"lastFunction":2,"lastStatement":6,"seen":{"f:16:16:16:32":0,"b:17:2:19:Infinity:undefined:undefined:undefined:undefined":0,"s:17:2:19:Infinity":0,"b:17:6:17:18:17:18:17:33":1,"s:18:4:18:Infinity":1,"b:20:2:22:Infinity:undefined:undefined:undefined:undefined":2,"s:20:2:22:Infinity":2,"b:20:6:20:23:20:23:20:41":3,"s:21:4:21:Infinity":3,"s:23:2:23:Infinity":4,"f:27:16:27:33":1,"s:28:2:28:Infinity":5,"b:28:31:28:46:28:46:28:Infinity":4},"fnNames":{}}},"/dev-server/src/lib/dashboard-state.ts":{"path":"/dev-server/src/lib/dashboard-state.ts","statementMap":{"0":{"start":{"line":48,"column":8},"end":{"line":48,"column":null}},"1":{"start":{"line":49,"column":20},"end":{"line":49,"column":null}},"2":{"start":{"line":50,"column":8},"end":{"line":50,"column":null}},"3":{"start":{"line":52,"column":4},"end":{"line":56,"column":null}},"4":{"start":{"line":57,"column":8},"end":{"line":57,"column":null}},"5":{"start":{"line":59,"column":2},"end":{"line":72,"column":null}}},"fnMap":{"0":{"name":"buildDashboardState","decl":{"start":{"line":42,"column":16},"end":{"line":42,"column":36}},"loc":{"start":{"line":47,"column":19},"end":{"line":73,"column":null}},"line":47}},"branchMap":{"0":{"loc":{"start":{"line":49,"column":20},"end":{"line":49,"column":null}},"type":"binary-expr","locations":[{"start":{"line":49,"column":20},"end":{"line":49,"column":67}},{"start":{"line":49,"column":67},"end":{"line":49,"column":null}}],"line":49},"1":{"loc":{"start":{"line":52,"column":4},"end":{"line":56,"column":null}},"type":"cond-expr","locations":[{"start":{"line":53,"column":8},"end":{"line":53,"column":null}},{"start":{"line":54,"column":8},"end":{"line":56,"column":null}}],"line":52},"2":{"loc":{"start":{"line":54,"column":8},"end":{"line":56,"column":null}},"type":"cond-expr","locations":[{"start":{"line":54,"column":52},"end":{"line":55,"column":null}},{"start":{"line":56,"column":10},"end":{"line":56,"column":null}}],"line":54},"3":{"loc":{"start":{"line":67,"column":15},"end":{"line":67,"column":null}},"type":"binary-expr","locations":[{"start":{"line":67,"column":15},"end":{"line":67,"column":47}},{"start":{"line":67,"column":47},"end":{"line":67,"column":null}}],"line":67},"4":{"loc":{"start":{"line":68,"column":15},"end":{"line":68,"column":null}},"type":"binary-expr","locations":[{"start":{"line":68,"column":15},"end":{"line":68,"column":47}},{"start":{"line":68,"column":47},"end":{"line":68,"column":null}}],"line":68},"5":{"loc":{"start":{"line":69,"column":13},"end":{"line":69,"column":null}},"type":"binary-expr","locations":[{"start":{"line":69,"column":13},"end":{"line":69,"column":48}},{"start":{"line":69,"column":48},"end":{"line":69,"column":null}}],"line":69},"6":{"loc":{"start":{"line":71,"column":21},"end":{"line":71,"column":null}},"type":"binary-expr","locations":[{"start":{"line":71,"column":21},"end":{"line":71,"column":40}},{"start":{"line":71,"column":40},"end":{"line":71,"column":null}}],"line":71}},"s":{"0":7,"1":7,"2":7,"3":7,"4":7,"5":7},"f":{"0":7},"b":{"0":[7,3],"1":[1,6],"2":[1,5],"3":[7,6],"4":[7,6],"5":[7,6],"6":[7,2]},"meta":{"lastBranch":7,"lastFunction":1,"lastStatement":6,"seen":{"f:42:16:42:36":0,"s:48:8:48:Infinity":0,"s:49:20:49:Infinity":1,"b:49:20:49:67:49:67:49:Infinity":0,"s:50:8:50:Infinity":2,"s:52:4:56:Infinity":3,"b:53:8:53:Infinity:54:8:56:Infinity":1,"b:54:52:55:Infinity:56:10:56:Infinity":2,"s:57:8:57:Infinity":4,"s:59:2:72:Infinity":5,"b:67:15:67:47:67:47:67:Infinity":3,"b:68:15:68:47:68:47:68:Infinity":4,"b:69:13:69:48:69:48:69:Infinity":5,"b:71:21:71:40:71:40:71:Infinity":6},"fnNames":{}}},"/dev-server/src/lib/carbon.ts":{"path":"/dev-server/src/lib/carbon.ts","statementMap":{"0":{"start":{"line":12,"column":55},"end":{"line":18,"column":null}},"1":{"start":{"line":21,"column":47},"end":{"line":25,"column":null}},"2":{"start":{"line":40,"column":17},"end":{"line":40,"column":null}},"3":{"start":{"line":41,"column":16},"end":{"line":41,"column":null}},"4":{"start":{"line":42,"column":16},"end":{"line":42,"column":null}},"5":{"start":{"line":44,"column":4},"end":{"line":44,"column":null}},"6":{"start":{"line":46,"column":2},"end":{"line":46,"column":null}},"7":{"start":{"line":51,"column":2},"end":{"line":51,"column":null}},"8":{"start":{"line":51,"column":74},"end":{"line":51,"column":null}},"9":{"start":{"line":52,"column":2},"end":{"line":52,"column":null}},"10":{"start":{"line":63,"column":24},"end":{"line":63,"column":null}},"11":{"start":{"line":64,"column":2},"end":{"line":64,"column":null}},"12":{"start":{"line":72,"column":2},"end":{"line":72,"column":null}},"13":{"start":{"line":72,"column":56},"end":{"line":72,"column":null}},"14":{"start":{"line":73,"column":2},"end":{"line":73,"column":null}},"15":{"start":{"line":73,"column":22},"end":{"line":73,"column":null}},"16":{"start":{"line":74,"column":16},"end":{"line":74,"column":null}},"17":{"start":{"line":75,"column":2},"end":{"line":75,"column":null}},"18":{"start":{"line":83,"column":2},"end":{"line":83,"column":null}},"19":{"start":{"line":83,"column":26},"end":{"line":83,"column":null}},"20":{"start":{"line":84,"column":16},"end":{"line":84,"column":null}},"21":{"start":{"line":85,"column":2},"end":{"line":85,"column":null}},"22":{"start":{"line":90,"column":2},"end":{"line":90,"column":null}},"23":{"start":{"line":90,"column":56},"end":{"line":90,"column":null}},"24":{"start":{"line":91,"column":2},"end":{"line":91,"column":null}},"25":{"start":{"line":91,"column":24},"end":{"line":91,"column":null}},"26":{"start":{"line":92,"column":2},"end":{"line":92,"column":null}},"27":{"start":{"line":92,"column":24},"end":{"line":92,"column":null}},"28":{"start":{"line":93,"column":2},"end":{"line":93,"column":null}},"29":{"start":{"line":93,"column":24},"end":{"line":93,"column":null}},"30":{"start":{"line":94,"column":2},"end":{"line":94,"column":null}},"31":{"start":{"line":100,"column":12},"end":{"line":100,"column":null}},"32":{"start":{"line":101,"column":2},"end":{"line":101,"column":null}},"33":{"start":{"line":101,"column":16},"end":{"line":101,"column":null}},"34":{"start":{"line":102,"column":2},"end":{"line":102,"column":null}},"35":{"start":{"line":102,"column":15},"end":{"line":102,"column":null}},"36":{"start":{"line":103,"column":2},"end":{"line":103,"column":null}},"37":{"start":{"line":103,"column":15},"end":{"line":103,"column":null}},"38":{"start":{"line":104,"column":2},"end":{"line":104,"column":null}},"39":{"start":{"line":108,"column":2},"end":{"line":108,"column":null}},"40":{"start":{"line":108,"column":27},"end":{"line":108,"column":null}},"41":{"start":{"line":109,"column":2},"end":{"line":109,"column":null}}},"fnMap":{"0":{"name":"dailyEmissionsKg","decl":{"start":{"line":39,"column":16},"end":{"line":39,"column":33}},"loc":{"start":{"line":39,"column":64},"end":{"line":47,"column":null}},"line":39},"1":{"name":"monthlyToDaily","decl":{"start":{"line":50,"column":16},"end":{"line":50,"column":31}},"loc":{"start":{"line":50,"column":77},"end":{"line":53,"column":null}},"line":50},"2":{"name":"ecosystemDelta","decl":{"start":{"line":59,"column":16},"end":{"line":59,"column":null}},"loc":{"start":{"line":62,"column":10},"end":{"line":65,"column":null}},"line":62},"3":{"name":"baselineHealth","decl":{"start":{"line":71,"column":16},"end":{"line":71,"column":31}},"loc":{"start":{"line":71,"column":77},"end":{"line":76,"column":null}},"line":71},"4":{"name":"nudgeHealth","decl":{"start":{"line":82,"column":16},"end":{"line":82,"column":28}},"loc":{"start":{"line":82,"column":81},"end":{"line":86,"column":null}},"line":82},"5":{"name":"orbState","decl":{"start":{"line":89,"column":16},"end":{"line":89,"column":25}},"loc":{"start":{"line":89,"column":73},"end":{"line":95,"column":null}},"line":89},"6":{"name":"ecosystemStage","decl":{"start":{"line":99,"column":16},"end":{"line":99,"column":31}},"loc":{"start":{"line":99,"column":63},"end":{"line":105,"column":null}},"line":99},"7":{"name":"clamp01","decl":{"start":{"line":107,"column":16},"end":{"line":107,"column":24}},"loc":{"start":{"line":107,"column":43},"end":{"line":110,"column":null}},"line":107}},"branchMap":{"0":{"loc":{"start":{"line":40,"column":17},"end":{"line":40,"column":null}},"type":"cond-expr","locations":[{"start":{"line":40,"column":42},"end":{"line":40,"column":49}},{"start":{"line":40,"column":49},"end":{"line":40,"column":null}}],"line":40},"1":{"loc":{"start":{"line":41,"column":16},"end":{"line":41,"column":null}},"type":"cond-expr","locations":[{"start":{"line":41,"column":40},"end":{"line":41,"column":47}},{"start":{"line":41,"column":47},"end":{"line":41,"column":null}}],"line":41},"2":{"loc":{"start":{"line":42,"column":16},"end":{"line":42,"column":null}},"type":"cond-expr","locations":[{"start":{"line":42,"column":40},"end":{"line":42,"column":47}},{"start":{"line":42,"column":47},"end":{"line":42,"column":null}}],"line":42},"3":{"loc":{"start":{"line":51,"column":2},"end":{"line":51,"column":null}},"type":"if","locations":[{"start":{"line":51,"column":2},"end":{"line":51,"column":null}},{"start":{},"end":{}}],"line":51},"4":{"loc":{"start":{"line":51,"column":6},"end":{"line":51,"column":74}},"type":"binary-expr","locations":[{"start":{"line":51,"column":6},"end":{"line":51,"column":27}},{"start":{"line":51,"column":27},"end":{"line":51,"column":58}},{"start":{"line":51,"column":58},"end":{"line":51,"column":74}}],"line":51},"5":{"loc":{"start":{"line":72,"column":2},"end":{"line":72,"column":null}},"type":"if","locations":[{"start":{"line":72,"column":2},"end":{"line":72,"column":null}},{"start":{},"end":{}}],"line":72},"6":{"loc":{"start":{"line":72,"column":6},"end":{"line":72,"column":56}},"type":"binary-expr","locations":[{"start":{"line":72,"column":6},"end":{"line":72,"column":27}},{"start":{"line":72,"column":27},"end":{"line":72,"column":56}}],"line":72},"7":{"loc":{"start":{"line":73,"column":2},"end":{"line":73,"column":null}},"type":"if","locations":[{"start":{"line":73,"column":2},"end":{"line":73,"column":null}},{"start":{},"end":{}}],"line":73},"8":{"loc":{"start":{"line":83,"column":2},"end":{"line":83,"column":null}},"type":"if","locations":[{"start":{"line":83,"column":2},"end":{"line":83,"column":null}},{"start":{},"end":{}}],"line":83},"9":{"loc":{"start":{"line":90,"column":2},"end":{"line":90,"column":null}},"type":"if","locations":[{"start":{"line":90,"column":2},"end":{"line":90,"column":null}},{"start":{},"end":{}}],"line":90},"10":{"loc":{"start":{"line":90,"column":6},"end":{"line":90,"column":56}},"type":"binary-expr","locations":[{"start":{"line":90,"column":6},"end":{"line":90,"column":27}},{"start":{"line":90,"column":27},"end":{"line":90,"column":56}}],"line":90},"11":{"loc":{"start":{"line":91,"column":2},"end":{"line":91,"column":null}},"type":"if","locations":[{"start":{"line":91,"column":2},"end":{"line":91,"column":null}},{"start":{},"end":{}}],"line":91},"12":{"loc":{"start":{"line":92,"column":2},"end":{"line":92,"column":null}},"type":"if","locations":[{"start":{"line":92,"column":2},"end":{"line":92,"column":null}},{"start":{},"end":{}}],"line":92},"13":{"loc":{"start":{"line":93,"column":2},"end":{"line":93,"column":null}},"type":"if","locations":[{"start":{"line":93,"column":2},"end":{"line":93,"column":null}},{"start":{},"end":{}}],"line":93},"14":{"loc":{"start":{"line":101,"column":2},"end":{"line":101,"column":null}},"type":"if","locations":[{"start":{"line":101,"column":2},"end":{"line":101,"column":null}},{"start":{},"end":{}}],"line":101},"15":{"loc":{"start":{"line":102,"column":2},"end":{"line":102,"column":null}},"type":"if","locations":[{"start":{"line":102,"column":2},"end":{"line":102,"column":null}},{"start":{},"end":{}}],"line":102},"16":{"loc":{"start":{"line":103,"column":2},"end":{"line":103,"column":null}},"type":"if","locations":[{"start":{"line":103,"column":2},"end":{"line":103,"column":null}},{"start":{},"end":{}}],"line":103},"17":{"loc":{"start":{"line":108,"column":2},"end":{"line":108,"column":null}},"type":"if","locations":[{"start":{"line":108,"column":2},"end":{"line":108,"column":null}},{"start":{},"end":{}}],"line":108}},"s":{"0":2,"1":2,"2":6,"3":6,"4":6,"5":6,"6":6,"7":11,"8":7,"9":4,"10":4,"11":4,"12":18,"13":4,"14":14,"15":2,"16":12,"17":12,"18":12,"19":6,"20":6,"21":6,"22":10,"23":2,"24":8,"25":2,"26":6,"27":2,"28":4,"29":4,"30":2,"31":17,"32":17,"33":3,"34":14,"35":14,"36":9,"37":5,"38":4,"39":39,"40":1,"41":38},"f":{"0":6,"1":11,"2":4,"3":18,"4":12,"5":10,"6":17,"7":39},"b":{"0":[3,3],"1":[3,3],"2":[3,3],"3":[7,4],"4":[11,8,6],"5":[4,14],"6":[18,14],"7":[2,12],"8":[6,6],"9":[2,8],"10":[10,9],"11":[2,6],"12":[2,4],"13":[2,2],"14":[3,14],"15":[5,9],"16":[5,4],"17":[1,38]},"meta":{"lastBranch":18,"lastFunction":8,"lastStatement":42,"seen":{"s:12:55:18:Infinity":0,"s:21:47:25:Infinity":1,"f:39:16:39:33":0,"s:40:17:40:Infinity":2,"b:40:42:40:49:40:49:40:Infinity":0,"s:41:16:41:Infinity":3,"b:41:40:41:47:41:47:41:Infinity":1,"s:42:16:42:Infinity":4,"b:42:40:42:47:42:47:42:Infinity":2,"s:44:4:44:Infinity":5,"s:46:2:46:Infinity":6,"f:50:16:50:31":1,"b:51:2:51:Infinity:undefined:undefined:undefined:undefined":3,"s:51:2:51:Infinity":7,"b:51:6:51:27:51:27:51:58:51:58:51:74":4,"s:51:74:51:Infinity":8,"s:52:2:52:Infinity":9,"f:59:16:59:Infinity":2,"s:63:24:63:Infinity":10,"s:64:2:64:Infinity":11,"f:71:16:71:31":3,"b:72:2:72:Infinity:undefined:undefined:undefined:undefined":5,"s:72:2:72:Infinity":12,"b:72:6:72:27:72:27:72:56":6,"s:72:56:72:Infinity":13,"b:73:2:73:Infinity:undefined:undefined:undefined:undefined":7,"s:73:2:73:Infinity":14,"s:73:22:73:Infinity":15,"s:74:16:74:Infinity":16,"s:75:2:75:Infinity":17,"f:82:16:82:28":4,"b:83:2:83:Infinity:undefined:undefined:undefined:undefined":8,"s:83:2:83:Infinity":18,"s:83:26:83:Infinity":19,"s:84:16:84:Infinity":20,"s:85:2:85:Infinity":21,"f:89:16:89:25":5,"b:90:2:90:Infinity:undefined:undefined:undefined:undefined":9,"s:90:2:90:Infinity":22,"b:90:6:90:27:90:27:90:56":10,"s:90:56:90:Infinity":23,"b:91:2:91:Infinity:undefined:undefined:undefined:undefined":11,"s:91:2:91:Infinity":24,"s:91:24:91:Infinity":25,"b:92:2:92:Infinity:undefined:undefined:undefined:undefined":12,"s:92:2:92:Infinity":26,"s:92:24:92:Infinity":27,"b:93:2:93:Infinity:undefined:undefined:undefined:undefined":13,"s:93:2:93:Infinity":28,"s:93:24:93:Infinity":29,"s:94:2:94:Infinity":30,"f:99:16:99:31":6,"s:100:12:100:Infinity":31,"b:101:2:101:Infinity:undefined:undefined:undefined:undefined":14,"s:101:2:101:Infinity":32,"s:101:16:101:Infinity":33,"b:102:2:102:Infinity:undefined:undefined:undefined:undefined":15,"s:102:2:102:Infinity":34,"s:102:15:102:Infinity":35,"b:103:2:103:Infinity:undefined:undefined:undefined:undefined":16,"s:103:2:103:Infinity":36,"s:103:15:103:Infinity":37,"s:104:2:104:Infinity":38,"f:107:16:107:24":7,"b:108:2:108:Infinity:undefined:undefined:undefined:undefined":17,"s:108:2:108:Infinity":39,"s:108:27:108:Infinity":40,"s:109:2:109:Infinity":41},"fnNames":{}}},"/dev-server/src/components/dashboard/StreakBadge.tsx":{"path":"/dev-server/src/components/dashboard/StreakBadge.tsx","statementMap":{"0":{"start":{"line":8,"column":2},"end":{"line":26,"column":null}}},"fnMap":{"0":{"name":"StreakBadge","decl":{"start":{"line":7,"column":16},"end":{"line":7,"column":28}},"loc":{"start":{"line":7,"column":64},"end":{"line":28,"column":null}},"line":7}},"branchMap":{"0":{"loc":{"start":{"line":20,"column":60},"end":{"line":20,"column":91}},"type":"cond-expr","locations":[{"start":{"line":20,"column":76},"end":{"line":20,"column":81}},{"start":{"line":20,"column":81},"end":{"line":20,"column":91}}],"line":20}},"s":{"0":3},"f":{"0":3},"b":{"0":[1,2]},"meta":{"lastBranch":1,"lastFunction":1,"lastStatement":1,"seen":{"f:7:16:7:28":0,"s:8:2:26:Infinity":0,"b:20:76:20:81:20:81:20:91":0},"fnNames":{}}},"/dev-server/src/lib/utils.ts":{"path":"/dev-server/src/lib/utils.ts","statementMap":{"0":{"start":{"line":5,"column":2},"end":{"line":5,"column":null}}},"fnMap":{"0":{"name":"cn","decl":{"start":{"line":4,"column":16},"end":{"line":4,"column":19}},"loc":{"start":{"line":4,"column":44},"end":{"line":6,"column":null}},"line":4}},"branchMap":{},"s":{"0":4},"f":{"0":4},"b":{},"meta":{"lastBranch":0,"lastFunction":1,"lastStatement":1,"seen":{"f:4:16:4:19":0,"s:5:2:5:Infinity":0},"fnNames":{}}},"/dev-server/src/lib/recommendations.ts":{"path":"/dev-server/src/lib/recommendations.ts","statementMap":{"0":{"start":{"line":32,"column":32},"end":{"line":32,"column":null}},"1":{"start":{"line":34,"column":2},"end":{"line":42,"column":null}},"2":{"start":{"line":35,"column":4},"end":{"line":41,"column":null}},"3":{"start":{"line":43,"column":2},"end":{"line":51,"column":null}},"4":{"start":{"line":44,"column":4},"end":{"line":50,"column":null}},"5":{"start":{"line":53,"column":2},"end":{"line":69,"column":null}},"6":{"start":{"line":54,"column":4},"end":{"line":60,"column":null}},"7":{"start":{"line":61,"column":9},"end":{"line":69,"column":null}},"8":{"start":{"line":62,"column":4},"end":{"line":68,"column":null}},"9":{"start":{"line":71,"column":2},"end":{"line":79,"column":null}},"10":{"start":{"line":72,"column":4},"end":{"line":78,"column":null}},"11":{"start":{"line":81,"column":2},"end":{"line":89,"column":null}},"12":{"start":{"line":82,"column":4},"end":{"line":88,"column":null}},"13":{"start":{"line":92,"column":2},"end":{"line":98,"column":null}},"14":{"start":{"line":101,"column":2},"end":{"line":105,"column":null}},"15":{"start":{"line":102,"column":4},"end":{"line":102,"column":null}},"16":{"start":{"line":102,"column":24},"end":{"line":102,"column":93}},"17":{"start":{"line":104,"column":4},"end":{"line":104,"column":null}},"18":{"start":{"line":104,"column":23},"end":{"line":104,"column":62}},"19":{"start":{"line":107,"column":2},"end":{"line":107,"column":null}},"20":{"start":{"line":117,"column":37},"end":{"line":121,"column":null}},"21":{"start":{"line":122,"column":2},"end":{"line":122,"column":null}}},"fnMap":{"0":{"name":"recommendForContext","decl":{"start":{"line":31,"column":16},"end":{"line":31,"column":36}},"loc":{"start":{"line":31,"column":75},"end":{"line":108,"column":null}},"line":31},"1":{"name":"(anonymous_1)","decl":{"start":{"line":102,"column":8},"end":{"line":102,"column":14}},"loc":{"start":{"line":102,"column":24},"end":{"line":102,"column":93}},"line":102},"2":{"name":"(anonymous_2)","decl":{"start":{"line":104,"column":8},"end":{"line":104,"column":14}},"loc":{"start":{"line":104,"column":23},"end":{"line":104,"column":62}},"line":104},"3":{"name":"projectMealsMonthly","decl":{"start":{"line":116,"column":16},"end":{"line":116,"column":36}},"loc":{"start":{"line":116,"column":66},"end":{"line":123,"column":null}},"line":116}},"branchMap":{"0":{"loc":{"start":{"line":34,"column":2},"end":{"line":42,"column":null}},"type":"if","locations":[{"start":{"line":34,"column":2},"end":{"line":42,"column":null}},{"start":{},"end":{}}],"line":34},"1":{"loc":{"start":{"line":34,"column":6},"end":{"line":34,"column":65}},"type":"binary-expr","locations":[{"start":{"line":34,"column":6},"end":{"line":34,"column":33}},{"start":{"line":34,"column":33},"end":{"line":34,"column":65}}],"line":34},"2":{"loc":{"start":{"line":43,"column":2},"end":{"line":51,"column":null}},"type":"if","locations":[{"start":{"line":43,"column":2},"end":{"line":51,"column":null}},{"start":{},"end":{}}],"line":43},"3":{"loc":{"start":{"line":53,"column":2},"end":{"line":69,"column":null}},"type":"if","locations":[{"start":{"line":53,"column":2},"end":{"line":69,"column":null}},{"start":{"line":61,"column":9},"end":{"line":69,"column":null}}],"line":53},"4":{"loc":{"start":{"line":53,"column":6},"end":{"line":53,"column":60}},"type":"binary-expr","locations":[{"start":{"line":53,"column":6},"end":{"line":53,"column":35}},{"start":{"line":53,"column":35},"end":{"line":53,"column":60}}],"line":53},"5":{"loc":{"start":{"line":61,"column":9},"end":{"line":69,"column":null}},"type":"if","locations":[{"start":{"line":61,"column":9},"end":{"line":69,"column":null}},{"start":{},"end":{}}],"line":61},"6":{"loc":{"start":{"line":71,"column":2},"end":{"line":79,"column":null}},"type":"if","locations":[{"start":{"line":71,"column":2},"end":{"line":79,"column":null}},{"start":{},"end":{}}],"line":71},"7":{"loc":{"start":{"line":71,"column":6},"end":{"line":71,"column":76}},"type":"binary-expr","locations":[{"start":{"line":71,"column":6},"end":{"line":71,"column":27}},{"start":{"line":71,"column":27},"end":{"line":71,"column":76}}],"line":71},"8":{"loc":{"start":{"line":81,"column":2},"end":{"line":89,"column":null}},"type":"if","locations":[{"start":{"line":81,"column":2},"end":{"line":89,"column":null}},{"start":{},"end":{}}],"line":81},"9":{"loc":{"start":{"line":81,"column":6},"end":{"line":81,"column":62}},"type":"binary-expr","locations":[{"start":{"line":81,"column":6},"end":{"line":81,"column":23}},{"start":{"line":81,"column":23},"end":{"line":81,"column":62}}],"line":81},"10":{"loc":{"start":{"line":101,"column":2},"end":{"line":105,"column":null}},"type":"if","locations":[{"start":{"line":101,"column":2},"end":{"line":105,"column":null}},{"start":{"line":103,"column":9},"end":{"line":105,"column":null}}],"line":101},"11":{"loc":{"start":{"line":101,"column":2},"end":{"line":101,"column":71}},"type":"binary-expr","locations":[{"start":{"line":101,"column":2},"end":{"line":101,"column":37}},{"start":{"line":101,"column":37},"end":{"line":101,"column":71}}],"line":101},"12":{"loc":{"start":{"line":101,"column":7},"end":{"line":101,"column":30}},"type":"binary-expr","locations":[{"start":{"line":101,"column":7},"end":{"line":101,"column":25}},{"start":{"line":101,"column":25},"end":{"line":101,"column":30}}],"line":101},"13":{"loc":{"start":{"line":102,"column":24},"end":{"line":102,"column":93}},"type":"cond-expr","locations":[{"start":{"line":102,"column":53},"end":{"line":102,"column":58}},{"start":{"line":102,"column":58},"end":{"line":102,"column":93}}],"line":102},"14":{"loc":{"start":{"line":102,"column":58},"end":{"line":102,"column":93}},"type":"cond-expr","locations":[{"start":{"line":102,"column":87},"end":{"line":102,"column":91}},{"start":{"line":102,"column":91},"end":{"line":102,"column":93}}],"line":102}},"s":{"0":13,"1":13,"2":5,"3":13,"4":1,"5":13,"6":1,"7":12,"8":5,"9":13,"10":3,"11":13,"12":0,"13":13,"14":13,"15":0,"16":0,"17":13,"18":18,"19":13,"20":4,"21":4},"f":{"0":13,"1":0,"2":18,"3":4},"b":{"0":[5,8],"1":[13,8],"2":[1,12],"3":[1,12],"4":[13,12],"5":[5,7],"6":[3,10],"7":[13,4],"8":[0,13],"9":[13,0],"10":[0,13],"11":[13,1],"12":[13,12],"13":[0,0],"14":[0,0]},"meta":{"lastBranch":15,"lastFunction":4,"lastStatement":22,"seen":{"f:31:16:31:36":0,"s:32:32:32:Infinity":0,"b:34:2:42:Infinity:undefined:undefined:undefined:undefined":0,"s:34:2:42:Infinity":1,"b:34:6:34:33:34:33:34:65":1,"s:35:4:41:Infinity":2,"b:43:2:51:Infinity:undefined:undefined:undefined:undefined":2,"s:43:2:51:Infinity":3,"s:44:4:50:Infinity":4,"b:53:2:69:Infinity:61:9:69:Infinity":3,"s:53:2:69:Infinity":5,"b:53:6:53:35:53:35:53:60":4,"s:54:4:60:Infinity":6,"b:61:9:69:Infinity:undefined:undefined:undefined:undefined":5,"s:61:9:69:Infinity":7,"s:62:4:68:Infinity":8,"b:71:2:79:Infinity:undefined:undefined:undefined:undefined":6,"s:71:2:79:Infinity":9,"b:71:6:71:27:71:27:71:76":7,"s:72:4:78:Infinity":10,"b:81:2:89:Infinity:undefined:undefined:undefined:undefined":8,"s:81:2:89:Infinity":11,"b:81:6:81:23:81:23:81:62":9,"s:82:4:88:Infinity":12,"s:92:2:98:Infinity":13,"b:101:2:105:Infinity:103:9:105:Infinity":10,"s:101:2:105:Infinity":14,"b:101:2:101:37:101:37:101:71":11,"b:101:7:101:25:101:25:101:30":12,"s:102:4:102:Infinity":15,"f:102:8:102:14":1,"s:102:24:102:93":16,"b:102:53:102:58:102:58:102:93":13,"b:102:87:102:91:102:91:102:93":14,"s:104:4:104:Infinity":17,"f:104:8:104:14":2,"s:104:23:104:62":18,"s:107:2:107:Infinity":19,"f:116:16:116:36":3,"s:117:37:121:Infinity":20,"s:122:2:122:Infinity":21},"fnNames":{}}}}}