{"numTotalTestSuites":30,"numPassedTestSuites":30,"numFailedTestSuites":0,"numPendingTestSuites":0,"numTotalTests":107,"numPassedTests":107,"numFailedTests":0,"numPendingTests":0,"numTodoTests":0,"snapshot":{"added":0,"failure":false,"filesAdded":0,"filesRemoved":0,"filesRemovedList":[],"filesUnmatched":0,"filesUpdated":0,"matched":0,"total":0,"unchecked":0,"uncheckedKeysByFile":[],"unmatched":0,"updated":0,"didUpdate":false},"startTime":1781872123586,"success":true,"testResults":[{"assertionResults":[{"ancestorTitles":["achievements"],"fullName":"achievements starts with no badges earned","status":"passed","title":"starts with no badges earned","duration":2.3029740000001766,"failureMessages":[],"meta":{},"tags":[]},{"ancestorTitles":["achievements"],"fullName":"achievements earns First Light after one reflection","status":"passed","title":"earns First Light after one reflection","duration":0.581887999999708,"failureMessages":[],"meta":{},"tags":[]},{"ancestorTitles":["achievements"],"fullName":"achievements earns Seven Suns at a 7-day streak","status":"passed","title":"earns Seven Suns at a 7-day streak","duration":0.45671000000038475,"failureMessages":[],"meta":{},"tags":[]},{"ancestorTitles":["achievements"],"fullName":"achievements earns carbon-saver tiers with cumulative savings","status":"passed","title":"earns carbon-saver tiers with cumulative savings","duration":0.28200900000047113,"failureMessages":[],"meta":{},"tags":[]},{"ancestorTitles":["achievements"],"fullName":"achievements clamps progress to 1","status":"passed","title":"clamps progress to 1","duration":0.19595500000014,"failureMessages":[],"meta":{},"tags":[]},{"ancestorTitles":["deriveLevel"],"fullName":"deriveLevel starts as Seedling","status":"passed","title":"starts as Seedling","duration":0.5728410000001531,"failureMessages":[],"meta":{},"tags":[]},{"ancestorTitles":["deriveLevel"],"fullName":"deriveLevel escalates with engagement","status":"passed","title":"escalates with engagement","duration":1.0662979999997333,"failureMessages":[],"meta":{},"tags":[]},{"ancestorTitles":["deriveLevel"],"fullName":"deriveLevel caps at Biosphere","status":"passed","title":"caps at Biosphere","duration":0.3703720000003159,"failureMessages":[],"meta":{},"tags":[]},{"ancestorTitles":["ecosystemStatusLabel"],"fullName":"ecosystemStatusLabel maps health 0.95 → Flourishing","status":"passed","title":"maps health 0.95 → Flourishing","duration":0.8164999999999054,"failureMessages":[],"meta":{},"tags":[]},{"ancestorTitles":["ecosystemStatusLabel"],"fullName":"ecosystemStatusLabel maps health 0.7 → Thriving","status":"passed","title":"maps health 0.7 → Thriving","duration":0.210798000000068,"failureMessages":[],"meta":{},"tags":[]},{"ancestorTitles":["ecosystemStatusLabel"],"fullName":"ecosystemStatusLabel maps health 0.5 → Steady","status":"passed","title":"maps health 0.5 → Steady","duration":0.13733899999988353,"failureMessages":[],"meta":{},"tags":[]},{"ancestorTitles":["ecosystemStatusLabel"],"fullName":"ecosystemStatusLabel maps health 0.3 → Strained","status":"passed","title":"maps health 0.3 → Strained","duration":0.06878599999981816,"failureMessages":[],"meta":{},"tags":[]},{"ancestorTitles":["ecosystemStatusLabel"],"fullName":"ecosystemStatusLabel maps health 0.1 → Critical","status":"passed","title":"maps health 0.1 → Critical","duration":0.056010999999671185,"failureMessages":[],"meta":{},"tags":[]}],"startTime":1781872128112,"endTime":1781872128119.2107,"status":"passed","message":"","name":"/dev-server/src/lib/achievements.test.ts"},{"assertionResults":[{"ancestorTitles":["auth-guard: decideAuthGuard"],"fullName":"auth-guard: decideAuthGuard redirects when session is null","status":"passed","title":"redirects when session is null","duration":2.434761999999864,"failureMessages":[],"meta":{},"tags":[]},{"ancestorTitles":["auth-guard: decideAuthGuard"],"fullName":"auth-guard: decideAuthGuard redirects when supabase returned an auth error","status":"passed","title":"redirects when supabase returned an auth error","duration":0.7716860000000452,"failureMessages":[],"meta":{},"tags":[]},{"ancestorTitles":["auth-guard: decideAuthGuard"],"fullName":"auth-guard: decideAuthGuard redirects when there's no user object","status":"passed","title":"redirects when there's no user object","duration":0.5924230000000534,"failureMessages":[],"meta":{},"tags":[]},{"ancestorTitles":["auth-guard: decideAuthGuard"],"fullName":"auth-guard: decideAuthGuard allows when user is present and no error","status":"passed","title":"allows when user is present and no error","duration":0.5914530000000013,"failureMessages":[],"meta":{},"tags":[]},{"ancestorTitles":["auth-guard: decideAuthGuard"],"fullName":"auth-guard: decideAuthGuard treats empty user id as unauthenticated","status":"passed","title":"treats empty user id as unauthenticated","duration":0.34988699999939854,"failureMessages":[],"meta":{},"tags":[]},{"ancestorTitles":["auth-guard: postAuthRedirect"],"fullName":"auth-guard: postAuthRedirect sends finished users to dashboard","status":"passed","title":"sends finished users to dashboard","duration":0.2012510000004113,"failureMessages":[],"meta":{},"tags":[]},{"ancestorTitles":["auth-guard: postAuthRedirect"],"fullName":"auth-guard: postAuthRedirect sends new/incomplete users to onboarding","status":"passed","title":"sends new/incomplete users to onboarding","duration":0.4774710000001505,"failureMessages":[],"meta":{},"tags":[]}],"startTime":1781872128242,"endTime":1781872128248.4775,"status":"passed","message":"","name":"/dev-server/src/lib/auth-guard.test.ts"},{"assertionResults":[{"ancestorTitles":["carbon: lookup tables"],"fullName":"carbon: lookup tables orders transport by impact (walk < transit < car < long_drive < flight)","status":"passed","title":"orders transport by impact (walk < transit < car < long_drive < flight)","duration":2.90234799999962,"failureMessages":[],"meta":{},"tags":[]},{"ancestorTitles":["carbon: lookup tables"],"fullName":"carbon: lookup tables orders meals by impact (plant < mixed < meat)","status":"passed","title":"orders meals by impact (plant < mixed < meat)","duration":0.7397280000004685,"failureMessages":[],"meta":{},"tags":[]},{"ancestorTitles":["carbon: dailyEmissionsKg"],"fullName":"carbon: dailyEmissionsKg computes a low-impact day correctly","status":"passed","title":"computes a low-impact day correctly","duration":0.46673600000031,"failureMessages":[],"meta":{},"tags":[]},{"ancestorTitles":["carbon: dailyEmissionsKg"],"fullName":"carbon: dailyEmissionsKg computes a high-impact day correctly","status":"passed","title":"computes a high-impact day correctly","duration":0.2708760000004986,"failureMessages":[],"meta":{},"tags":[]},{"ancestorTitles":["carbon: dailyEmissionsKg"],"fullName":"carbon: dailyEmissionsKg never returns a negative footprint (mindful flags can't push below 0)","status":"passed","title":"never returns a negative footprint (mindful flags can't push below 0)","duration":0.2702049999998053,"failureMessages":[],"meta":{},"tags":[]},{"ancestorTitles":["carbon: dailyEmissionsKg"],"fullName":"carbon: dailyEmissionsKg mindful flags strictly reduce footprint vs the same choices without them","status":"passed","title":"mindful flags strictly reduce footprint vs the same choices without them","duration":0.15924200000063138,"failureMessages":[],"meta":{},"tags":[]},{"ancestorTitles":["carbon: dailyEmissionsKg"],"fullName":"carbon: dailyEmissionsKg rounds to two decimals","status":"passed","title":"rounds to two decimals","duration":0.2064040000004752,"failureMessages":[],"meta":{},"tags":[]},{"ancestorTitles":["carbon: monthlyToDaily"],"fullName":"carbon: monthlyToDaily divides by 30","status":"passed","title":"divides by 30","duration":0.15264099999967584,"failureMessages":[],"meta":{},"tags":[]},{"ancestorTitles":["carbon: monthlyToDaily"],"fullName":"carbon: monthlyToDaily falls back to 15 for invalid null","status":"passed","title":"falls back to 15 for invalid null","duration":0.5168679999997039,"failureMessages":[],"meta":{},"tags":[]},{"ancestorTitles":["carbon: monthlyToDaily"],"fullName":"carbon: monthlyToDaily falls back to 15 for invalid undefined","status":"passed","title":"falls back to 15 for invalid undefined","duration":0.16175600000042323,"failureMessages":[],"meta":{},"tags":[]},{"ancestorTitles":["carbon: monthlyToDaily"],"fullName":"carbon: monthlyToDaily falls back to 15 for invalid 0","status":"passed","title":"falls back to 15 for invalid 0","duration":0.13383500000054482,"failureMessages":[],"meta":{},"tags":[]},{"ancestorTitles":["carbon: monthlyToDaily"],"fullName":"carbon: monthlyToDaily falls back to 15 for invalid -5","status":"passed","title":"falls back to 15 for invalid -5","duration":0.08084599999983766,"failureMessages":[],"meta":{},"tags":[]},{"ancestorTitles":["carbon: monthlyToDaily"],"fullName":"carbon: monthlyToDaily falls back to 15 for invalid NaN","status":"passed","title":"falls back to 15 for invalid NaN","duration":0.05815999999958876,"failureMessages":[],"meta":{},"tags":[]},{"ancestorTitles":["carbon: monthlyToDaily"],"fullName":"carbon: monthlyToDaily falls back to 15 for invalid Infinity","status":"passed","title":"falls back to 15 for invalid Infinity","duration":0.053171999999904074,"failureMessages":[],"meta":{},"tags":[]},{"ancestorTitles":["carbon: ecosystemDelta"],"fullName":"carbon: ecosystemDelta is positive when today beats baseline","status":"passed","title":"is positive when today beats baseline","duration":0.12262399999963236,"failureMessages":[],"meta":{},"tags":[]},{"ancestorTitles":["carbon: ecosystemDelta"],"fullName":"carbon: ecosystemDelta is negative when today exceeds baseline","status":"passed","title":"is negative when today exceeds baseline","duration":0.1670060000005833,"failureMessages":[],"meta":{},"tags":[]},{"ancestorTitles":["carbon: ecosystemDelta"],"fullName":"carbon: ecosystemDelta uses 15 kg/day fallback when baseline is missing","status":"passed","title":"uses 15 kg/day fallback when baseline is missing","duration":0.07913099999950646,"failureMessages":[],"meta":{},"tags":[]},{"ancestorTitles":["carbon: baselineHealth"],"fullName":"carbon: baselineHealth returns 1 for zero emissions","status":"passed","title":"returns 1 for zero emissions","duration":0.11448100000052364,"failureMessages":[],"meta":{},"tags":[]},{"ancestorTitles":["carbon: baselineHealth"],"fullName":"carbon: baselineHealth returns ~0 for extreme footprints (clamped at ratio 2)","status":"passed","title":"returns ~0 for extreme footprints (clamped at ratio 2)","duration":0.08315200000015466,"failureMessages":[],"meta":{},"tags":[]},{"ancestorTitles":["carbon: baselineHealth"],"fullName":"carbon: baselineHealth returns 0.6 fallback when null","status":"passed","title":"returns 0.6 fallback when null","duration":0.0723440000001574,"failureMessages":[],"meta":{},"tags":[]},{"ancestorTitles":["carbon: baselineHealth"],"fullName":"carbon: baselineHealth hits 0.5 at the per-capita 5t/yr target (~417 kg/mo)","status":"passed","title":"hits 0.5 at the per-capita 5t/yr target (~417 kg/mo)","duration":0.0734390000006897,"failureMessages":[],"meta":{},"tags":[]},{"ancestorTitles":["carbon: baselineHealth"],"fullName":"carbon: baselineHealth is monotonically decreasing as emissions grow","status":"passed","title":"is monotonically decreasing as emissions grow","duration":0.23011899999983143,"failureMessages":[],"meta":{},"tags":[]},{"ancestorTitles":["carbon: nudgeHealth"],"fullName":"carbon: nudgeHealth returns baseline unchanged when delta is null","status":"passed","title":"returns baseline unchanged when delta is null","duration":0.11677700000018376,"failureMessages":[],"meta":{},"tags":[]},{"ancestorTitles":["carbon: nudgeHealth"],"fullName":"carbon: nudgeHealth caps the nudge at +0.18","status":"passed","title":"caps the nudge at +0.18","duration":0.09088599999995495,"failureMessages":[],"meta":{},"tags":[]},{"ancestorTitles":["carbon: nudgeHealth"],"fullName":"carbon: nudgeHealth caps the nudge at -0.18","status":"passed","title":"caps the nudge at -0.18","duration":0.0674989999997706,"failureMessages":[],"meta":{},"tags":[]},{"ancestorTitles":["carbon: nudgeHealth"],"fullName":"carbon: nudgeHealth never goes below 0 or above 1","status":"passed","title":"never goes below 0 or above 1","duration":0.09194200000001729,"failureMessages":[],"meta":{},"tags":[]},{"ancestorTitles":["carbon: orbState transitions"],"fullName":"carbon: orbState transitions monthly 100 kg → thriving","status":"passed","title":"monthly 100 kg → thriving","duration":0.10640500000044995,"failureMessages":[],"meta":{},"tags":[]},{"ancestorTitles":["carbon: orbState transitions"],"fullName":"carbon: orbState transitions monthly 250 kg → thriving","status":"passed","title":"monthly 250 kg → thriving","duration":0.06297799999993003,"failureMessages":[],"meta":{},"tags":[]},{"ancestorTitles":["carbon: orbState transitions"],"fullName":"carbon: orbState transitions monthly 251 kg → balanced","status":"passed","title":"monthly 251 kg → balanced","duration":0.04886900000019523,"failureMessages":[],"meta":{},"tags":[]},{"ancestorTitles":["carbon: orbState transitions"],"fullName":"carbon: orbState transitions monthly 500 kg → balanced","status":"passed","title":"monthly 500 kg → balanced","duration":0.0597989999996571,"failureMessages":[],"meta":{},"tags":[]},{"ancestorTitles":["carbon: orbState transitions"],"fullName":"carbon: orbState transitions monthly 501 kg → strained","status":"passed","title":"monthly 501 kg → strained","duration":0.04913899999974092,"failureMessages":[],"meta":{},"tags":[]},{"ancestorTitles":["carbon: orbState transitions"],"fullName":"carbon: orbState transitions monthly 900 kg → strained","status":"passed","title":"monthly 900 kg → strained","duration":0.04856299999937619,"failureMessages":[],"meta":{},"tags":[]},{"ancestorTitles":["carbon: orbState transitions"],"fullName":"carbon: orbState transitions monthly 901 kg → critical","status":"passed","title":"monthly 901 kg → critical","duration":0.045575999999527994,"failureMessages":[],"meta":{},"tags":[]},{"ancestorTitles":["carbon: orbState transitions"],"fullName":"carbon: orbState transitions monthly 5000 kg → critical","status":"passed","title":"monthly 5000 kg → critical","duration":0.04826700000012352,"failureMessages":[],"meta":{},"tags":[]},{"ancestorTitles":["carbon: orbState transitions"],"fullName":"carbon: orbState transitions defaults to balanced when unknown","status":"passed","title":"defaults to balanced when unknown","duration":0.0783209999999599,"failureMessages":[],"meta":{},"tags":[]},{"ancestorTitles":["carbon: ecosystemStage"],"fullName":"carbon: ecosystemStage health 0 → barren","status":"passed","title":"health 0 → barren","duration":0.08924699999988661,"failureMessages":[],"meta":{},"tags":[]},{"ancestorTitles":["carbon: ecosystemStage"],"fullName":"carbon: ecosystemStage health 0.1 → barren","status":"passed","title":"health 0.1 → barren","duration":0.04886199999964447,"failureMessages":[],"meta":{},"tags":[]},{"ancestorTitles":["carbon: ecosystemStage"],"fullName":"carbon: ecosystemStage health 0.25 → recovering","status":"passed","title":"health 0.25 → recovering","duration":0.049667999999655876,"failureMessages":[],"meta":{},"tags":[]},{"ancestorTitles":["carbon: ecosystemStage"],"fullName":"carbon: ecosystemStage health 0.49 → recovering","status":"passed","title":"health 0.49 → recovering","duration":0.04610300000058487,"failureMessages":[],"meta":{},"tags":[]},{"ancestorTitles":["carbon: ecosystemStage"],"fullName":"carbon: ecosystemStage health 0.5 → lush","status":"passed","title":"health 0.5 → lush","duration":0.045231999999487016,"failureMessages":[],"meta":{},"tags":[]},{"ancestorTitles":["carbon: ecosystemStage"],"fullName":"carbon: ecosystemStage health 0.79 → lush","status":"passed","title":"health 0.79 → lush","duration":0.06655700000010256,"failureMessages":[],"meta":{},"tags":[]},{"ancestorTitles":["carbon: ecosystemStage"],"fullName":"carbon: ecosystemStage health 0.8 → flourishing","status":"passed","title":"health 0.8 → flourishing","duration":0.12280300000020361,"failureMessages":[],"meta":{},"tags":[]},{"ancestorTitles":["carbon: ecosystemStage"],"fullName":"carbon: ecosystemStage health 1 → flourishing","status":"passed","title":"health 1 → flourishing","duration":0.1003710000004503,"failureMessages":[],"meta":{},"tags":[]},{"ancestorTitles":["carbon: ecosystemStage"],"fullName":"carbon: ecosystemStage clamps out-of-range health values","status":"passed","title":"clamps out-of-range health values","duration":0.400564000000486,"failureMessages":[],"meta":{},"tags":[]},{"ancestorTitles":["carbon: clamp01"],"fullName":"carbon: clamp01 clamps to [0,1]","status":"passed","title":"clamps to [0,1]","duration":0.26503500000035274,"failureMessages":[],"meta":{},"tags":[]},{"ancestorTitles":["carbon: clamp01"],"fullName":"carbon: clamp01 handles NaN","status":"passed","title":"handles NaN","duration":0.16952700000001641,"failureMessages":[],"meta":{},"tags":[]}],"startTime":1781872128114,"endTime":1781872128124.2651,"status":"passed","message":"","name":"/dev-server/src/lib/carbon.test.ts"},{"assertionResults":[{"ancestorTitles":["dashboard-state: buildDashboardState"],"fullName":"dashboard-state: buildDashboardState returns sensible defaults for an empty backend","status":"passed","title":"returns sensible defaults for an empty backend","duration":2.8764970000001995,"failureMessages":[],"meta":{},"tags":[]},{"ancestorTitles":["dashboard-state: buildDashboardState"],"fullName":"dashboard-state: buildDashboardState flags needsOnboarding when profile is incomplete","status":"passed","title":"flags needsOnboarding when profile is incomplete","duration":1.0680419999998776,"failureMessages":[],"meta":{},"tags":[]},{"ancestorTitles":["dashboard-state: buildDashboardState"],"fullName":"dashboard-state: buildDashboardState derives health from monthly baseline","status":"passed","title":"derives health from monthly baseline","duration":0.3948970000001282,"failureMessages":[],"meta":{},"tags":[]},{"ancestorTitles":["dashboard-state: buildDashboardState"],"fullName":"dashboard-state: buildDashboardState applies today's positive delta as a health nudge","status":"passed","title":"applies today's positive delta as a health nudge","duration":0.27057000000058906,"failureMessages":[],"meta":{},"tags":[]},{"ancestorTitles":["dashboard-state: buildDashboardState"],"fullName":"dashboard-state: buildDashboardState computes delta from today's kg when ecosystem_delta is missing","status":"passed","title":"computes delta from today's kg when ecosystem_delta is missing","duration":0.46512799999982235,"failureMessages":[],"meta":{},"tags":[]},{"ancestorTitles":["dashboard-state: buildDashboardState"],"fullName":"dashboard-state: buildDashboardState propagates streak counts","status":"passed","title":"propagates streak counts","duration":0.46891299999970215,"failureMessages":[],"meta":{},"tags":[]}],"startTime":1781872128199,"endTime":1781872128204.469,"status":"passed","message":"","name":"/dev-server/src/lib/dashboard-state.test.ts"},{"assertionResults":[{"ancestorTitles":["profile: computeInitials"],"fullName":"profile: computeInitials returns ? for empty input","status":"passed","title":"returns ? for empty input","duration":2.0993990000006306,"failureMessages":[],"meta":{},"tags":[]},{"ancestorTitles":["profile: computeInitials"],"fullName":"profile: computeInitials returns first two letters for single-word names","status":"passed","title":"returns first two letters for single-word names","duration":0.845553000000109,"failureMessages":[],"meta":{},"tags":[]},{"ancestorTitles":["profile: computeInitials"],"fullName":"profile: computeInitials returns first + last initials for multi-word names","status":"passed","title":"returns first + last initials for multi-word names","duration":0.42626000000018394,"failureMessages":[],"meta":{},"tags":[]},{"ancestorTitles":["profile: computeInitials"],"fullName":"profile: computeInitials uppercases","status":"passed","title":"uppercases","duration":0.24796299999979965,"failureMessages":[],"meta":{},"tags":[]},{"ancestorTitles":["profile: toDisplayProfile"],"fullName":"profile: toDisplayProfile returns null for null/missing id","status":"passed","title":"returns null for null/missing id","duration":0.40583999999944353,"failureMessages":[],"meta":{},"tags":[]},{"ancestorTitles":["profile: toDisplayProfile"],"fullName":"profile: toDisplayProfile defaults to 'Friend' when display_name is missing or blank","status":"passed","title":"defaults to 'Friend' when display_name is missing or blank","duration":0.4175809999997,"failureMessages":[],"meta":{},"tags":[]},{"ancestorTitles":["profile: toDisplayProfile"],"fullName":"profile: toDisplayProfile extracts first name and initials","status":"passed","title":"extracts first name and initials","duration":0.1831609999999273,"failureMessages":[],"meta":{},"tags":[]},{"ancestorTitles":["profile: toDisplayProfile"],"fullName":"profile: toDisplayProfile normalizes blank avatar URLs to null","status":"passed","title":"normalizes blank avatar URLs to null","duration":0.15450499999951717,"failureMessages":[],"meta":{},"tags":[]},{"ancestorTitles":["profile: toDisplayProfile"],"fullName":"profile: toDisplayProfile defaults locale to en","status":"passed","title":"defaults locale to en","duration":0.4617470000002868,"failureMessages":[],"meta":{},"tags":[]},{"ancestorTitles":["profile: toDisplayProfile"],"fullName":"profile: toDisplayProfile coerces onboarding_completed to boolean","status":"passed","title":"coerces onboarding_completed to boolean","duration":0.3529109999999491,"failureMessages":[],"meta":{},"tags":[]},{"ancestorTitles":["profile: validateProfileUpdate"],"fullName":"profile: validateProfileUpdate accepts a sensible patch","status":"passed","title":"accepts a sensible patch","duration":0.3173400000005131,"failureMessages":[],"meta":{},"tags":[]},{"ancestorTitles":["profile: validateProfileUpdate"],"fullName":"profile: validateProfileUpdate rejects empty display_name","status":"passed","title":"rejects empty display_name","duration":0.15412799999921845,"failureMessages":[],"meta":{},"tags":[]},{"ancestorTitles":["profile: validateProfileUpdate"],"fullName":"profile: validateProfileUpdate rejects oversized display_name","status":"passed","title":"rejects oversized display_name","duration":0.09834700000010344,"failureMessages":[],"meta":{},"tags":[]},{"ancestorTitles":["profile: validateProfileUpdate"],"fullName":"profile: validateProfileUpdate trims display_name on accept","status":"passed","title":"trims display_name on accept","duration":0.10699799999929382,"failureMessages":[],"meta":{},"tags":[]},{"ancestorTitles":["profile: validateProfileUpdate"],"fullName":"profile: validateProfileUpdate rejects non-http(s) avatar URLs","status":"passed","title":"rejects non-http(s) avatar URLs","duration":0.3494989999999234,"failureMessages":[],"meta":{},"tags":[]},{"ancestorTitles":["profile: validateProfileUpdate"],"fullName":"profile: validateProfileUpdate accepts http(s) avatar URLs","status":"passed","title":"accepts http(s) avatar URLs","duration":0.2620660000002317,"failureMessages":[],"meta":{},"tags":[]},{"ancestorTitles":["profile: validateProfileUpdate"],"fullName":"profile: validateProfileUpdate rejects malformed locales","status":"passed","title":"rejects malformed locales","duration":0.20191499999964435,"failureMessages":[],"meta":{},"tags":[]}],"startTime":1781872128119,"endTime":1781872128127.262,"status":"passed","message":"","name":"/dev-server/src/lib/profile.test.ts"},{"assertionResults":[{"ancestorTitles":["recommendations: recommendForContext"],"fullName":"recommendations: recommendForContext always returns at least one recommendation","status":"passed","title":"always returns at least one recommendation","duration":2.3747290000001158,"failureMessages":[],"meta":{},"tags":[]},{"ancestorTitles":["recommendations: recommendForContext"],"fullName":"recommendations: recommendForContext includes a transport recommendation for car users","status":"passed","title":"includes a transport recommendation for car users","duration":0.9677840000003926,"failureMessages":[],"meta":{},"tags":[]},{"ancestorTitles":["recommendations: recommendForContext"],"fullName":"recommendations: recommendForContext flags flights as the highest-impact lever","status":"passed","title":"flags flights as the highest-impact lever","duration":0.6082420000002458,"failureMessages":[],"meta":{},"tags":[]},{"ancestorTitles":["recommendations: recommendForContext"],"fullName":"recommendations: recommendForContext suggests plant-forward days for meat-heavy diets","status":"passed","title":"suggests plant-forward days for meat-heavy diets","duration":0.24647800000002462,"failureMessages":[],"meta":{},"tags":[]},{"ancestorTitles":["recommendations: recommendForContext"],"fullName":"recommendations: recommendForContext suggests halving red meat for mixed diets (different rec)","status":"passed","title":"suggests halving red meat for mixed diets (different rec)","duration":0.2585499999995591,"failureMessages":[],"meta":{},"tags":[]},{"ancestorTitles":["recommendations: recommendForContext"],"fullName":"recommendations: recommendForContext recognizes fossil/grid energy sources via regex","status":"passed","title":"recognizes fossil/grid energy sources via regex","duration":0.5214630000000398,"failureMessages":[],"meta":{},"tags":[]},{"ancestorTitles":["recommendations: recommendForContext"],"fullName":"recommendations: recommendForContext orders by impact descending in normal mode","status":"passed","title":"orders by impact descending in normal mode","duration":0.25410999999985506,"failureMessages":[],"meta":{},"tags":[]},{"ancestorTitles":["recommendations: recommendForContext"],"fullName":"recommendations: recommendForContext prioritizes transport when monthly footprint exceeds 800 kg","status":"passed","title":"prioritizes transport when monthly footprint exceeds 800 kg","duration":0.12800100000004022,"failureMessages":[],"meta":{},"tags":[]},{"ancestorTitles":["recommendations: recommendForContext"],"fullName":"recommendations: recommendForContext includes the daily habit fallback even with empty context","status":"passed","title":"includes the daily habit fallback even with empty context","duration":0.46702900000036607,"failureMessages":[],"meta":{},"tags":[]},{"ancestorTitles":["recommendations: recommendForContext"],"fullName":"recommendations: recommendForContext is deterministic for identical input","status":"passed","title":"is deterministic for identical input","duration":0.9738100000004124,"failureMessages":[],"meta":{},"tags":[]},{"ancestorTitles":["recommendations: projectMealsMonthly"],"fullName":"recommendations: projectMealsMonthly scales with diet intensity","status":"passed","title":"scales with diet intensity","duration":0.377346000000216,"failureMessages":[],"meta":{},"tags":[]}],"startTime":1781872128107,"endTime":1781872128115.3774,"status":"passed","message":"","name":"/dev-server/src/lib/recommendations.test.ts"},{"assertionResults":[{"ancestorTitles":["utils: cn"],"fullName":"utils: cn joins class names","status":"passed","title":"joins class names","duration":6.837970000000496,"failureMessages":[],"meta":{},"tags":[]},{"ancestorTitles":["utils: cn"],"fullName":"utils: cn skips falsy values","status":"passed","title":"skips falsy values","duration":0.40506399999958376,"failureMessages":[],"meta":{},"tags":[]},{"ancestorTitles":["utils: cn"],"fullName":"utils: cn merges conflicting tailwind classes (last wins)","status":"passed","title":"merges conflicting tailwind classes (last wins)","duration":1.0296680000001288,"failureMessages":[],"meta":{},"tags":[]},{"ancestorTitles":["utils: cn"],"fullName":"utils: cn handles arrays and objects via clsx","status":"passed","title":"handles arrays and objects via clsx","duration":0.4631620000000112,"failureMessages":[],"meta":{},"tags":[]}],"startTime":1781872128394,"endTime":1781872128402.4631,"status":"passed","message":"","name":"/dev-server/src/lib/utils.test.ts"},{"assertionResults":[{"ancestorTitles":["StreakBadge"],"fullName":"StreakBadge renders the current streak value","status":"passed","title":"renders the current streak value","duration":60.21784899999966,"failureMessages":[],"meta":{},"tags":[]},{"ancestorTitles":["StreakBadge"],"fullName":"StreakBadge uses singular 'day' for streak of 1","status":"passed","title":"uses singular 'day' for streak of 1","duration":7.743500999999924,"failureMessages":[],"meta":{},"tags":[]},{"ancestorTitles":["StreakBadge"],"fullName":"StreakBadge uses plural 'days' for streaks other than 1","status":"passed","title":"uses plural 'days' for streaks other than 1","duration":6.142359000000397,"failureMessages":[],"meta":{},"tags":[]}],"startTime":1781872128264,"endTime":1781872128338.1423,"status":"passed","message":"","name":"/dev-server/src/components/dashboard/StreakBadge.test.tsx"}]}